<?xml version="1.0" encoding="UTF-8"?>
<testsuite xmlns:xsi="http://www.w3.org/2001/XMLSchema-instance" xsi:noNamespaceSchemaLocation="https://maven.apache.org/surefire/maven-surefire-plugin/xsd/surefire-test-report-3.0.xsd" version="3.0" name="TestSuite" time="22.571" tests="4" errors="0" skipped="0" failures="1">
  <properties>
    <property name="java.specification.version" value="21"/>
    <property name="sun.jnu.encoding" value="UTF-8"/>
    <property name="java.class.path" value="/Users/mehreenbrar/eclipse-workspace/CucumberFrameworkTestNg/target/test-classes:/Users/mehreenbrar/eclipse-workspace/CucumberFrameworkTestNg/target/classes:/Users/mehreenbrar/.m2/repository/io/cucumber/cucumber-java/7.15.0/cucumber-java-7.15.0.jar:/Users/mehreenbrar/.m2/repository/io/cucumber/cucumber-core/7.15.0/cucumber-core-7.15.0.jar:/Users/mehreenbrar/.m2/repository/io/cucumber/cucumber-gherkin/7.15.0/cucumber-gherkin-7.15.0.jar:/Users/mehreenbrar/.m2/repository/io/cucumber/cucumber-gherkin-messages/7.15.0/cucumber-gherkin-messages-7.15.0.jar:/Users/mehreenbrar/.m2/repository/io/cucumber/gherkin/26.2.0/gherkin-26.2.0.jar:/Users/mehreenbrar/.m2/repository/io/cucumber/messages/22.0.0/messages-22.0.0.jar:/Users/mehreenbrar/.m2/repository/io/cucumber/tag-expressions/6.0.0/tag-expressions-6.0.0.jar:/Users/mehreenbrar/.m2/repository/io/cucumber/cucumber-expressions/17.0.1/cucumber-expressions-17.0.1.jar:/Users/mehreenbrar/.m2/repository/io/cucumber/datatable/7.15.0/datatable-7.15.0.jar:/Users/mehreenbrar/.m2/repository/io/cucumber/cucumber-plugin/7.15.0/cucumber-plugin-7.15.0.jar:/Users/mehreenbrar/.m2/repository/io/cucumber/docstring/7.15.0/docstring-7.15.0.jar:/Users/mehreenbrar/.m2/repository/io/cucumber/html-formatter/20.4.0/html-formatter-20.4.0.jar:/Users/mehreenbrar/.m2/repository/io/cucumber/junit-xml-formatter/0.2.0/junit-xml-formatter-0.2.0.jar:/Users/mehreenbrar/.m2/repository/io/cucumber/ci-environment/10.0.0/ci-environment-10.0.0.jar:/Users/mehreenbrar/.m2/repository/org/apiguardian/apiguardian-api/1.1.2/apiguardian-api-1.1.2.jar:/Users/mehreenbrar/.m2/repository/io/cucumber/cucumber-testng/7.15.0/cucumber-testng-7.15.0.jar:/Users/mehreenbrar/.m2/repository/org/testng/testng/7.8.0/testng-7.8.0.jar:/Users/mehreenbrar/.m2/repository/org/slf4j/slf4j-api/1.7.36/slf4j-api-1.7.36.jar:/Users/mehreenbrar/.m2/repository/com/beust/jcommander/1.82/jcommander-1.82.jar:/Users/mehreenbrar/.m2/repository/org/webjars/jquery/3.6.1/jquery-3.6.1.jar:/Users/mehreenbrar/.m2/repository/org/seleniumhq/selenium/selenium-java/4.18.1/selenium-java-4.18.1.jar:/Users/mehreenbrar/.m2/repository/org/seleniumhq/selenium/selenium-api/4.18.1/selenium-api-4.18.1.jar:/Users/mehreenbrar/.m2/repository/org/seleniumhq/selenium/selenium-chrome-driver/4.18.1/selenium-chrome-driver-4.18.1.jar:/Users/mehreenbrar/.m2/repository/com/google/auto/service/auto-service-annotations/1.1.1/auto-service-annotations-1.1.1.jar:/Users/mehreenbrar/.m2/repository/org/seleniumhq/selenium/selenium-chromium-driver/4.18.1/selenium-chromium-driver-4.18.1.jar:/Users/mehreenbrar/.m2/repository/org/seleniumhq/selenium/selenium-json/4.18.1/selenium-json-4.18.1.jar:/Users/mehreenbrar/.m2/repository/org/seleniumhq/selenium/selenium-manager/4.18.1/selenium-manager-4.18.1.jar:/Users/mehreenbrar/.m2/repository/org/seleniumhq/selenium/selenium-devtools-v120/4.18.1/selenium-devtools-v120-4.18.1.jar:/Users/mehreenbrar/.m2/repository/org/seleniumhq/selenium/selenium-devtools-v121/4.18.1/selenium-devtools-v121-4.18.1.jar:/Users/mehreenbrar/.m2/repository/org/seleniumhq/selenium/selenium-devtools-v122/4.18.1/selenium-devtools-v122-4.18.1.jar:/Users/mehreenbrar/.m2/repository/org/seleniumhq/selenium/selenium-devtools-v85/4.18.1/selenium-devtools-v85-4.18.1.jar:/Users/mehreenbrar/.m2/repository/org/seleniumhq/selenium/selenium-edge-driver/4.18.1/selenium-edge-driver-4.18.1.jar:/Users/mehreenbrar/.m2/repository/org/seleniumhq/selenium/selenium-firefox-driver/4.18.1/selenium-firefox-driver-4.18.1.jar:/Users/mehreenbrar/.m2/repository/org/seleniumhq/selenium/selenium-http/4.18.1/selenium-http-4.18.1.jar:/Users/mehreenbrar/.m2/repository/dev/failsafe/failsafe/3.3.2/failsafe-3.3.2.jar:/Users/mehreenbrar/.m2/repository/org/seleniumhq/selenium/selenium-ie-driver/4.18.1/selenium-ie-driver-4.18.1.jar:/Users/mehreenbrar/.m2/repository/org/seleniumhq/selenium/selenium-remote-driver/4.18.1/selenium-remote-driver-4.18.1.jar:/Users/mehreenbrar/.m2/repository/com/google/guava/guava/33.0.0-jre/guava-33.0.0-jre.jar:/Users/mehreenbrar/.m2/repository/com/google/guava/failureaccess/1.0.2/failureaccess-1.0.2.jar:/Users/mehreenbrar/.m2/repository/com/google/guava/listenablefuture/9999.0-empty-to-avoid-conflict-with-guava/listenablefuture-9999.0-empty-to-avoid-conflict-with-guava.jar:/Users/mehreenbrar/.m2/repository/com/google/code/findbugs/jsr305/3.0.2/jsr305-3.0.2.jar:/Users/mehreenbrar/.m2/repository/org/checkerframework/checker-qual/3.41.0/checker-qual-3.41.0.jar:/Users/mehreenbrar/.m2/repository/com/google/errorprone/error_prone_annotations/2.23.0/error_prone_annotations-2.23.0.jar:/Users/mehreenbrar/.m2/repository/com/google/j2objc/j2objc-annotations/2.8/j2objc-annotations-2.8.jar:/Users/mehreenbrar/.m2/repository/io/opentelemetry/semconv/opentelemetry-semconv/1.23.1-alpha/opentelemetry-semconv-1.23.1-alpha.jar:/Users/mehreenbrar/.m2/repository/io/opentelemetry/opentelemetry-api/1.35.0/opentelemetry-api-1.35.0.jar:/Users/mehreenbrar/.m2/repository/io/opentelemetry/opentelemetry-context/1.35.0/opentelemetry-context-1.35.0.jar:/Users/mehreenbrar/.m2/repository/io/opentelemetry/opentelemetry-exporter-logging/1.35.0/opentelemetry-exporter-logging-1.35.0.jar:/Users/mehreenbrar/.m2/repository/io/opentelemetry/opentelemetry-sdk-common/1.35.0/opentelemetry-sdk-common-1.35.0.jar:/Users/mehreenbrar/.m2/repository/io/opentelemetry/opentelemetry-sdk-extension-autoconfigure-spi/1.35.0/opentelemetry-sdk-extension-autoconfigure-spi-1.35.0.jar:/Users/mehreenbrar/.m2/repository/io/opentelemetry/opentelemetry-sdk-extension-autoconfigure/1.35.0/opentelemetry-sdk-extension-autoconfigure-1.35.0.jar:/Users/mehreenbrar/.m2/repository/io/opentelemetry/opentelemetry-api-events/1.35.0-alpha/opentelemetry-api-events-1.35.0-alpha.jar:/Users/mehreenbrar/.m2/repository/io/opentelemetry/opentelemetry-sdk-trace/1.35.0/opentelemetry-sdk-trace-1.35.0.jar:/Users/mehreenbrar/.m2/repository/io/opentelemetry/opentelemetry-extension-incubator/1.35.0-alpha/opentelemetry-extension-incubator-1.35.0-alpha.jar:/Users/mehreenbrar/.m2/repository/io/opentelemetry/opentelemetry-sdk/1.35.0/opentelemetry-sdk-1.35.0.jar:/Users/mehreenbrar/.m2/repository/io/opentelemetry/opentelemetry-sdk-metrics/1.35.0/opentelemetry-sdk-metrics-1.35.0.jar:/Users/mehreenbrar/.m2/repository/io/opentelemetry/opentelemetry-sdk-logs/1.35.0/opentelemetry-sdk-logs-1.35.0.jar:/Users/mehreenbrar/.m2/repository/net/bytebuddy/byte-buddy/1.14.12/byte-buddy-1.14.12.jar:/Users/mehreenbrar/.m2/repository/org/seleniumhq/selenium/selenium-os/4.18.1/selenium-os-4.18.1.jar:/Users/mehreenbrar/.m2/repository/org/apache/commons/commons-exec/1.3/commons-exec-1.3.jar:/Users/mehreenbrar/.m2/repository/org/seleniumhq/selenium/selenium-safari-driver/4.18.1/selenium-safari-driver-4.18.1.jar:/Users/mehreenbrar/.m2/repository/org/seleniumhq/selenium/selenium-support/4.18.1/selenium-support-4.18.1.jar:/Users/mehreenbrar/.m2/repository/io/cucumber/cucumber-picocontainer/7.15.0/cucumber-picocontainer-7.15.0.jar:/Users/mehreenbrar/.m2/repository/org/picocontainer/picocontainer/2.15/picocontainer-2.15.jar:/Users/mehreenbrar/.m2/repository/commons-io/commons-io/2.16.0/commons-io-2.16.0.jar:/Users/mehreenbrar/.m2/repository/com/aventstack/extentreports/5.1.1/extentreports-5.1.1.jar:/Users/mehreenbrar/.m2/repository/io/reactivex/rxjava3/rxjava/3.1.6/rxjava-3.1.6.jar:/Users/mehreenbrar/.m2/repository/org/reactivestreams/reactive-streams/1.0.4/reactive-streams-1.0.4.jar:/Users/mehreenbrar/.m2/repository/org/freemarker/freemarker/2.3.32/freemarker-2.3.32.jar:/Users/mehreenbrar/.m2/repository/org/projectlombok/lombok/1.18.26/lombok-1.18.26.jar:/Users/mehreenbrar/.m2/repository/com/google/code/gson/gson/2.10.1/gson-2.10.1.jar:/Users/mehreenbrar/.m2/repository/tech/grasshopper/extentreports-cucumber7-adapter/1.14.0/extentreports-cucumber7-adapter-1.14.0.jar:/Users/mehreenbrar/.m2/repository/tech/grasshopper/extent-pdf-report/2.12.0/extent-pdf-report-2.12.0.jar:/Users/mehreenbrar/.m2/repository/tech/grasshopper/cucumber-pdf-report/2.14.0/cucumber-pdf-report-2.14.0.jar:/Users/mehreenbrar/.m2/repository/org/apache/pdfbox/pdfbox/2.0.26/pdfbox-2.0.26.jar:/Users/mehreenbrar/.m2/repository/org/apache/pdfbox/fontbox/2.0.26/fontbox-2.0.26.jar:/Users/mehreenbrar/.m2/repository/org/knowm/xchart/xchart/3.8.0/xchart-3.8.0.jar:/Users/mehreenbrar/.m2/repository/de/erichseifert/vectorgraphics2d/VectorGraphics2D/0.13/VectorGraphics2D-0.13.jar:/Users/mehreenbrar/.m2/repository/de/rototor/pdfbox/graphics2d/0.30/graphics2d-0.30.jar:/Users/mehreenbrar/.m2/repository/com/madgag/animated-gif-lib/1.4/animated-gif-lib-1.4.jar:/Users/mehreenbrar/.m2/repository/org/yaml/snakeyaml/2.0/snakeyaml-2.0.jar:/Users/mehreenbrar/.m2/repository/tech/grasshopper/table-layout/1.5.1/table-layout-1.5.1.jar:/Users/mehreenbrar/.m2/repository/tech/grasshopper/rest-assured-cucumber-pdf-report/1.5.0/rest-assured-cucumber-pdf-report-1.5.0.jar:/Users/mehreenbrar/.m2/repository/org/jsoup/jsoup/1.15.3/jsoup-1.15.3.jar:/Users/mehreenbrar/.m2/repository/com/aventstack/klov-reporter/5.1.0/klov-reporter-5.1.0.jar:/Users/mehreenbrar/.m2/repository/org/mongodb/mongodb-driver/3.6.4/mongodb-driver-3.6.4.jar:/Users/mehreenbrar/.m2/repository/org/mongodb/mongodb-driver-core/3.6.4/mongodb-driver-core-3.6.4.jar:/Users/mehreenbrar/.m2/repository/org/mongodb/bson/3.6.4/bson-3.6.4.jar:/Users/mehreenbrar/.m2/repository/org/apache/httpcomponents/httpclient/4.5.13/httpclient-4.5.13.jar:/Users/mehreenbrar/.m2/repository/org/apache/httpcomponents/httpcore/4.4.13/httpcore-4.4.13.jar:/Users/mehreenbrar/.m2/repository/commons-logging/commons-logging/1.2/commons-logging-1.2.jar:/Users/mehreenbrar/.m2/repository/commons-codec/commons-codec/1.11/commons-codec-1.11.jar:/Users/mehreenbrar/.m2/repository/org/apache/httpcomponents/httpmime/4.5.13/httpmime-4.5.13.jar:/Users/mehreenbrar/.m2/repository/tech/grasshopper/htmlextentreporter/1.1.0/htmlextentreporter-1.1.0.jar:/Users/mehreenbrar/.m2/repository/tech/grasshopper/extent-excel-report/1.4.0/extent-excel-report-1.4.0.jar:/Users/mehreenbrar/.m2/repository/org/apache/poi/poi/5.2.3/poi-5.2.3.jar:/Users/mehreenbrar/.m2/repository/org/apache/commons/commons-collections4/4.4/commons-collections4-4.4.jar:/Users/mehreenbrar/.m2/repository/org/apache/commons/commons-math3/3.6.1/commons-math3-3.6.1.jar:/Users/mehreenbrar/.m2/repository/com/zaxxer/SparseBitSet/1.2/SparseBitSet-1.2.jar:/Users/mehreenbrar/.m2/repository/org/apache/logging/log4j/log4j-api/2.18.0/log4j-api-2.18.0.jar:/Users/mehreenbrar/.m2/repository/org/apache/poi/poi-ooxml/5.2.3/poi-ooxml-5.2.3.jar:/Users/mehreenbrar/.m2/repository/org/apache/poi/poi-ooxml-lite/5.2.3/poi-ooxml-lite-5.2.3.jar:/Users/mehreenbrar/.m2/repository/org/apache/xmlbeans/xmlbeans/5.1.1/xmlbeans-5.1.1.jar:/Users/mehreenbrar/.m2/repository/org/apache/commons/commons-compress/1.21/commons-compress-1.21.jar:/Users/mehreenbrar/.m2/repository/com/github/virtuald/curvesapi/1.07/curvesapi-1.07.jar:"/>
    <property name="java.vm.vendor" value="Oracle Corporation"/>
    <property name="sun.arch.data.model" value="64"/>
    <property name="java.vendor.url" value="https://java.oracle.com/"/>
    <property name="user.timezone" value="America/Toronto"/>
    <property name="os.name" value="Mac OS X"/>
    <property name="java.vm.specification.version" value="21"/>
    <property name="sun.java.launcher" value="SUN_STANDARD"/>
    <property name="user.country" value="CA"/>
    <property name="sun.boot.library.path" value="/Library/Java/JavaVirtualMachines/jdk-21.jdk/Contents/Home/lib"/>
    <property name="sun.java.command" value="/Users/mehreenbrar/eclipse-workspace/CucumberFrameworkTestNg/target/surefire/surefirebooter8597858929195693581.jar /Users/mehreenbrar/eclipse-workspace/CucumberFrameworkTestNg/target/surefire 2024-04-08T08-36-54_553-jvmRun1 surefire4511531258179248935tmp surefire_04915258911125816647tmp"/>
    <property name="http.nonProxyHosts" value="local|*.local|169.254/16|*.169.254/16"/>
    <property name="jdk.debug" value="release"/>
    <property name="surefire.test.class.path" value="/Users/mehreenbrar/eclipse-workspace/CucumberFrameworkTestNg/target/test-classes:/Users/mehreenbrar/eclipse-workspace/CucumberFrameworkTestNg/target/classes:/Users/mehreenbrar/.m2/repository/io/cucumber/cucumber-java/7.15.0/cucumber-java-7.15.0.jar:/Users/mehreenbrar/.m2/repository/io/cucumber/cucumber-core/7.15.0/cucumber-core-7.15.0.jar:/Users/mehreenbrar/.m2/repository/io/cucumber/cucumber-gherkin/7.15.0/cucumber-gherkin-7.15.0.jar:/Users/mehreenbrar/.m2/repository/io/cucumber/cucumber-gherkin-messages/7.15.0/cucumber-gherkin-messages-7.15.0.jar:/Users/mehreenbrar/.m2/repository/io/cucumber/gherkin/26.2.0/gherkin-26.2.0.jar:/Users/mehreenbrar/.m2/repository/io/cucumber/messages/22.0.0/messages-22.0.0.jar:/Users/mehreenbrar/.m2/repository/io/cucumber/tag-expressions/6.0.0/tag-expressions-6.0.0.jar:/Users/mehreenbrar/.m2/repository/io/cucumber/cucumber-expressions/17.0.1/cucumber-expressions-17.0.1.jar:/Users/mehreenbrar/.m2/repository/io/cucumber/datatable/7.15.0/datatable-7.15.0.jar:/Users/mehreenbrar/.m2/repository/io/cucumber/cucumber-plugin/7.15.0/cucumber-plugin-7.15.0.jar:/Users/mehreenbrar/.m2/repository/io/cucumber/docstring/7.15.0/docstring-7.15.0.jar:/Users/mehreenbrar/.m2/repository/io/cucumber/html-formatter/20.4.0/html-formatter-20.4.0.jar:/Users/mehreenbrar/.m2/repository/io/cucumber/junit-xml-formatter/0.2.0/junit-xml-formatter-0.2.0.jar:/Users/mehreenbrar/.m2/repository/io/cucumber/ci-environment/10.0.0/ci-environment-10.0.0.jar:/Users/mehreenbrar/.m2/repository/org/apiguardian/apiguardian-api/1.1.2/apiguardian-api-1.1.2.jar:/Users/mehreenbrar/.m2/repository/io/cucumber/cucumber-testng/7.15.0/cucumber-testng-7.15.0.jar:/Users/mehreenbrar/.m2/repository/org/testng/testng/7.8.0/testng-7.8.0.jar:/Users/mehreenbrar/.m2/repository/org/slf4j/slf4j-api/1.7.36/slf4j-api-1.7.36.jar:/Users/mehreenbrar/.m2/repository/com/beust/jcommander/1.82/jcommander-1.82.jar:/Users/mehreenbrar/.m2/repository/org/webjars/jquery/3.6.1/jquery-3.6.1.jar:/Users/mehreenbrar/.m2/repository/org/seleniumhq/selenium/selenium-java/4.18.1/selenium-java-4.18.1.jar:/Users/mehreenbrar/.m2/repository/org/seleniumhq/selenium/selenium-api/4.18.1/selenium-api-4.18.1.jar:/Users/mehreenbrar/.m2/repository/org/seleniumhq/selenium/selenium-chrome-driver/4.18.1/selenium-chrome-driver-4.18.1.jar:/Users/mehreenbrar/.m2/repository/com/google/auto/service/auto-service-annotations/1.1.1/auto-service-annotations-1.1.1.jar:/Users/mehreenbrar/.m2/repository/org/seleniumhq/selenium/selenium-chromium-driver/4.18.1/selenium-chromium-driver-4.18.1.jar:/Users/mehreenbrar/.m2/repository/org/seleniumhq/selenium/selenium-json/4.18.1/selenium-json-4.18.1.jar:/Users/mehreenbrar/.m2/repository/org/seleniumhq/selenium/selenium-manager/4.18.1/selenium-manager-4.18.1.jar:/Users/mehreenbrar/.m2/repository/org/seleniumhq/selenium/selenium-devtools-v120/4.18.1/selenium-devtools-v120-4.18.1.jar:/Users/mehreenbrar/.m2/repository/org/seleniumhq/selenium/selenium-devtools-v121/4.18.1/selenium-devtools-v121-4.18.1.jar:/Users/mehreenbrar/.m2/repository/org/seleniumhq/selenium/selenium-devtools-v122/4.18.1/selenium-devtools-v122-4.18.1.jar:/Users/mehreenbrar/.m2/repository/org/seleniumhq/selenium/selenium-devtools-v85/4.18.1/selenium-devtools-v85-4.18.1.jar:/Users/mehreenbrar/.m2/repository/org/seleniumhq/selenium/selenium-edge-driver/4.18.1/selenium-edge-driver-4.18.1.jar:/Users/mehreenbrar/.m2/repository/org/seleniumhq/selenium/selenium-firefox-driver/4.18.1/selenium-firefox-driver-4.18.1.jar:/Users/mehreenbrar/.m2/repository/org/seleniumhq/selenium/selenium-http/4.18.1/selenium-http-4.18.1.jar:/Users/mehreenbrar/.m2/repository/dev/failsafe/failsafe/3.3.2/failsafe-3.3.2.jar:/Users/mehreenbrar/.m2/repository/org/seleniumhq/selenium/selenium-ie-driver/4.18.1/selenium-ie-driver-4.18.1.jar:/Users/mehreenbrar/.m2/repository/org/seleniumhq/selenium/selenium-remote-driver/4.18.1/selenium-remote-driver-4.18.1.jar:/Users/mehreenbrar/.m2/repository/com/google/guava/guava/33.0.0-jre/guava-33.0.0-jre.jar:/Users/mehreenbrar/.m2/repository/com/google/guava/failureaccess/1.0.2/failureaccess-1.0.2.jar:/Users/mehreenbrar/.m2/repository/com/google/guava/listenablefuture/9999.0-empty-to-avoid-conflict-with-guava/listenablefuture-9999.0-empty-to-avoid-conflict-with-guava.jar:/Users/mehreenbrar/.m2/repository/com/google/code/findbugs/jsr305/3.0.2/jsr305-3.0.2.jar:/Users/mehreenbrar/.m2/repository/org/checkerframework/checker-qual/3.41.0/checker-qual-3.41.0.jar:/Users/mehreenbrar/.m2/repository/com/google/errorprone/error_prone_annotations/2.23.0/error_prone_annotations-2.23.0.jar:/Users/mehreenbrar/.m2/repository/com/google/j2objc/j2objc-annotations/2.8/j2objc-annotations-2.8.jar:/Users/mehreenbrar/.m2/repository/io/opentelemetry/semconv/opentelemetry-semconv/1.23.1-alpha/opentelemetry-semconv-1.23.1-alpha.jar:/Users/mehreenbrar/.m2/repository/io/opentelemetry/opentelemetry-api/1.35.0/opentelemetry-api-1.35.0.jar:/Users/mehreenbrar/.m2/repository/io/opentelemetry/opentelemetry-context/1.35.0/opentelemetry-context-1.35.0.jar:/Users/mehreenbrar/.m2/repository/io/opentelemetry/opentelemetry-exporter-logging/1.35.0/opentelemetry-exporter-logging-1.35.0.jar:/Users/mehreenbrar/.m2/repository/io/opentelemetry/opentelemetry-sdk-common/1.35.0/opentelemetry-sdk-common-1.35.0.jar:/Users/mehreenbrar/.m2/repository/io/opentelemetry/opentelemetry-sdk-extension-autoconfigure-spi/1.35.0/opentelemetry-sdk-extension-autoconfigure-spi-1.35.0.jar:/Users/mehreenbrar/.m2/repository/io/opentelemetry/opentelemetry-sdk-extension-autoconfigure/1.35.0/opentelemetry-sdk-extension-autoconfigure-1.35.0.jar:/Users/mehreenbrar/.m2/repository/io/opentelemetry/opentelemetry-api-events/1.35.0-alpha/opentelemetry-api-events-1.35.0-alpha.jar:/Users/mehreenbrar/.m2/repository/io/opentelemetry/opentelemetry-sdk-trace/1.35.0/opentelemetry-sdk-trace-1.35.0.jar:/Users/mehreenbrar/.m2/repository/io/opentelemetry/opentelemetry-extension-incubator/1.35.0-alpha/opentelemetry-extension-incubator-1.35.0-alpha.jar:/Users/mehreenbrar/.m2/repository/io/opentelemetry/opentelemetry-sdk/1.35.0/opentelemetry-sdk-1.35.0.jar:/Users/mehreenbrar/.m2/repository/io/opentelemetry/opentelemetry-sdk-metrics/1.35.0/opentelemetry-sdk-metrics-1.35.0.jar:/Users/mehreenbrar/.m2/repository/io/opentelemetry/opentelemetry-sdk-logs/1.35.0/opentelemetry-sdk-logs-1.35.0.jar:/Users/mehreenbrar/.m2/repository/net/bytebuddy/byte-buddy/1.14.12/byte-buddy-1.14.12.jar:/Users/mehreenbrar/.m2/repository/org/seleniumhq/selenium/selenium-os/4.18.1/selenium-os-4.18.1.jar:/Users/mehreenbrar/.m2/repository/org/apache/commons/commons-exec/1.3/commons-exec-1.3.jar:/Users/mehreenbrar/.m2/repository/org/seleniumhq/selenium/selenium-safari-driver/4.18.1/selenium-safari-driver-4.18.1.jar:/Users/mehreenbrar/.m2/repository/org/seleniumhq/selenium/selenium-support/4.18.1/selenium-support-4.18.1.jar:/Users/mehreenbrar/.m2/repository/io/cucumber/cucumber-picocontainer/7.15.0/cucumber-picocontainer-7.15.0.jar:/Users/mehreenbrar/.m2/repository/org/picocontainer/picocontainer/2.15/picocontainer-2.15.jar:/Users/mehreenbrar/.m2/repository/commons-io/commons-io/2.16.0/commons-io-2.16.0.jar:/Users/mehreenbrar/.m2/repository/com/aventstack/extentreports/5.1.1/extentreports-5.1.1.jar:/Users/mehreenbrar/.m2/repository/io/reactivex/rxjava3/rxjava/3.1.6/rxjava-3.1.6.jar:/Users/mehreenbrar/.m2/repository/org/reactivestreams/reactive-streams/1.0.4/reactive-streams-1.0.4.jar:/Users/mehreenbrar/.m2/repository/org/freemarker/freemarker/2.3.32/freemarker-2.3.32.jar:/Users/mehreenbrar/.m2/repository/org/projectlombok/lombok/1.18.26/lombok-1.18.26.jar:/Users/mehreenbrar/.m2/repository/com/google/code/gson/gson/2.10.1/gson-2.10.1.jar:/Users/mehreenbrar/.m2/repository/tech/grasshopper/extentreports-cucumber7-adapter/1.14.0/extentreports-cucumber7-adapter-1.14.0.jar:/Users/mehreenbrar/.m2/repository/tech/grasshopper/extent-pdf-report/2.12.0/extent-pdf-report-2.12.0.jar:/Users/mehreenbrar/.m2/repository/tech/grasshopper/cucumber-pdf-report/2.14.0/cucumber-pdf-report-2.14.0.jar:/Users/mehreenbrar/.m2/repository/org/apache/pdfbox/pdfbox/2.0.26/pdfbox-2.0.26.jar:/Users/mehreenbrar/.m2/repository/org/apache/pdfbox/fontbox/2.0.26/fontbox-2.0.26.jar:/Users/mehreenbrar/.m2/repository/org/knowm/xchart/xchart/3.8.0/xchart-3.8.0.jar:/Users/mehreenbrar/.m2/repository/de/erichseifert/vectorgraphics2d/VectorGraphics2D/0.13/VectorGraphics2D-0.13.jar:/Users/mehreenbrar/.m2/repository/de/rototor/pdfbox/graphics2d/0.30/graphics2d-0.30.jar:/Users/mehreenbrar/.m2/repository/com/madgag/animated-gif-lib/1.4/animated-gif-lib-1.4.jar:/Users/mehreenbrar/.m2/repository/org/yaml/snakeyaml/2.0/snakeyaml-2.0.jar:/Users/mehreenbrar/.m2/repository/tech/grasshopper/table-layout/1.5.1/table-layout-1.5.1.jar:/Users/mehreenbrar/.m2/repository/tech/grasshopper/rest-assured-cucumber-pdf-report/1.5.0/rest-assured-cucumber-pdf-report-1.5.0.jar:/Users/mehreenbrar/.m2/repository/org/jsoup/jsoup/1.15.3/jsoup-1.15.3.jar:/Users/mehreenbrar/.m2/repository/com/aventstack/klov-reporter/5.1.0/klov-reporter-5.1.0.jar:/Users/mehreenbrar/.m2/repository/org/mongodb/mongodb-driver/3.6.4/mongodb-driver-3.6.4.jar:/Users/mehreenbrar/.m2/repository/org/mongodb/mongodb-driver-core/3.6.4/mongodb-driver-core-3.6.4.jar:/Users/mehreenbrar/.m2/repository/org/mongodb/bson/3.6.4/bson-3.6.4.jar:/Users/mehreenbrar/.m2/repository/org/apache/httpcomponents/httpclient/4.5.13/httpclient-4.5.13.jar:/Users/mehreenbrar/.m2/repository/org/apache/httpcomponents/httpcore/4.4.13/httpcore-4.4.13.jar:/Users/mehreenbrar/.m2/repository/commons-logging/commons-logging/1.2/commons-logging-1.2.jar:/Users/mehreenbrar/.m2/repository/commons-codec/commons-codec/1.11/commons-codec-1.11.jar:/Users/mehreenbrar/.m2/repository/org/apache/httpcomponents/httpmime/4.5.13/httpmime-4.5.13.jar:/Users/mehreenbrar/.m2/repository/tech/grasshopper/htmlextentreporter/1.1.0/htmlextentreporter-1.1.0.jar:/Users/mehreenbrar/.m2/repository/tech/grasshopper/extent-excel-report/1.4.0/extent-excel-report-1.4.0.jar:/Users/mehreenbrar/.m2/repository/org/apache/poi/poi/5.2.3/poi-5.2.3.jar:/Users/mehreenbrar/.m2/repository/org/apache/commons/commons-collections4/4.4/commons-collections4-4.4.jar:/Users/mehreenbrar/.m2/repository/org/apache/commons/commons-math3/3.6.1/commons-math3-3.6.1.jar:/Users/mehreenbrar/.m2/repository/com/zaxxer/SparseBitSet/1.2/SparseBitSet-1.2.jar:/Users/mehreenbrar/.m2/repository/org/apache/logging/log4j/log4j-api/2.18.0/log4j-api-2.18.0.jar:/Users/mehreenbrar/.m2/repository/org/apache/poi/poi-ooxml/5.2.3/poi-ooxml-5.2.3.jar:/Users/mehreenbrar/.m2/repository/org/apache/poi/poi-ooxml-lite/5.2.3/poi-ooxml-lite-5.2.3.jar:/Users/mehreenbrar/.m2/repository/org/apache/xmlbeans/xmlbeans/5.1.1/xmlbeans-5.1.1.jar:/Users/mehreenbrar/.m2/repository/org/apache/commons/commons-compress/1.21/commons-compress-1.21.jar:/Users/mehreenbrar/.m2/repository/com/github/virtuald/curvesapi/1.07/curvesapi-1.07.jar:"/>
    <property name="sun.cpu.endian" value="little"/>
    <property name="user.home" value="/Users/mehreenbrar"/>
    <property name="user.language" value="en"/>
    <property name="java.specification.vendor" value="Oracle Corporation"/>
    <property name="java.version.date" value="2024-01-16"/>
    <property name="java.home" value="/Library/Java/JavaVirtualMachines/jdk-21.jdk/Contents/Home"/>
    <property name="file.separator" value="/"/>
    <property name="basedir" value="/Users/mehreenbrar/eclipse-workspace/CucumberFrameworkTestNg"/>
    <property name="style.color" value="always"/>
    <property name="java.vm.compressedOopsMode" value="Zero based"/>
    <property name="line.separator" value="&#10;"/>
    <property name="java.vm.specification.vendor" value="Oracle Corporation"/>
    <property name="java.specification.name" value="Java Platform API Specification"/>
    <property name="apple.awt.application.name" value="ForkedBooter"/>
    <property name="surefire.real.class.path" value="/Users/mehreenbrar/eclipse-workspace/CucumberFrameworkTestNg/target/surefire/surefirebooter8597858929195693581.jar"/>
    <property name="sun.management.compiler" value="HotSpot 64-Bit Tiered Compilers"/>
    <property name="ftp.nonProxyHosts" value="local|*.local|169.254/16|*.169.254/16"/>
    <property name="java.runtime.version" value="21.0.2+13-LTS-58"/>
    <property name="user.name" value="mehreenbrar"/>
    <property name="stdout.encoding" value="UTF-8"/>
    <property name="path.separator" value=":"/>
    <property name="os.version" value="14.0"/>
    <property name="java.runtime.name" value="Java(TM) SE Runtime Environment"/>
    <property name="file.encoding" value="UTF-8"/>
    <property name="java.vm.name" value="Java HotSpot(TM) 64-Bit Server VM"/>
    <property name="localRepository" value="/Users/mehreenbrar/.m2/repository"/>
    <property name="java.vendor.url.bug" value="https://bugreport.java.com/bugreport/"/>
    <property name="java.io.tmpdir" value="/var/folders/26/y3svr1lx1zv0gck4m5d07g2m0000gn/T/"/>
    <property name="java.version" value="21.0.2"/>
    <property name="user.dir" value="/Users/mehreenbrar/eclipse-workspace/CucumberFrameworkTestNg"/>
    <property name="os.arch" value="aarch64"/>
    <property name="java.vm.specification.name" value="Java Virtual Machine Specification"/>
    <property name="native.encoding" value="UTF-8"/>
    <property name="java.library.path" value="/Users/mehreenbrar/Library/Java/Extensions:/Library/Java/Extensions:/Network/Library/Java/Extensions:/System/Library/Java/Extensions:/usr/lib/java:."/>
    <property name="java.vm.info" value="mixed mode, sharing"/>
    <property name="stderr.encoding" value="UTF-8"/>
    <property name="java.vendor" value="Oracle Corporation"/>
    <property name="java.vm.version" value="21.0.2+13-LTS-58"/>
    <property name="sun.io.unicode.encoding" value="UnicodeBig"/>
    <property name="socksNonProxyHosts" value="local|*.local|169.254/16|*.169.254/16"/>
    <property name="java.class.version" value="65.0"/>
  </properties>
  <testcase name="runScenario[&quot;Login and Verify Landing page details&quot;, &quot;Application Login and Landing Page Details&quot;](1)" classname="cucumberOptions.TestNGRunner" time="19.725">
    <system-out><![CDATA[
@LoginTest @SmokeTests
Scenario Outline: Login and Verify Landing page details                                                                       # src/test/java/features/SmokeTest.feature:14

@LoginTest @SmokeTests
Scenario Outline: Login and Verify Landing page details                                                                       # src/test/java/features/SmokeTest.feature:13

@LoginTest @SmokeTests
Scenario Outline: Verify that user is able to create a quote on Home Insurance page # src/test/java/features/Create Quote on home Insurance page.feature:14

@LoginTest @SmokeTests
Scenario Outline: Login and Verify Landing page details                                                                             # src/test/java/features/SmokeTest.feature:12
  Given the user log into the application and select Yukon as Province                                                        # stepDefinitions.HomePageStepDef.the_user_log_into_the_application_and_select_as_province(java.lang.String)
  Given the user log into the application and select Alberta as Province                                                            # stepDefinitions.HomePageStepDef.the_user_log_into_the_application_and_select_as_province(java.lang.String)
  Then in the HomePage, the user assert that the text message Always by your side. Make it Intact. is displayed in the page   # stepDefinitions.HomePageStepDef.the_user_assert_that_the_text_message_is_displayed_in_the_page(java.lang.String,java.lang.String)
  And in the LandingPage, the user assert that the text message Always by your side. Make it Intact. is displayed in the page # stepDefinitions.HomePageStepDef.the_user_assert_that_the_text_message_is_displayed_in_the_page(java.lang.String,java.lang.String)
  Given the user log into the application and select Alberta as Province            # stepDefinitions.HomePageStepDef.the_user_log_into_the_application_and_select_as_province(java.lang.String)
  Then in the HomePage, the user assert that the text message Always by your sidessssss. Make it Intact. is displayed in the page   # stepDefinitions.HomePageStepDef.the_user_assert_that_the_text_message_is_displayed_in_the_page(java.lang.String,java.lang.String)
      java.lang.AssertionError: expected [Always by your sidessssss. Make it Intact.] but found [Always by your side. Make it Intact.]
	at org.testng.Assert.fail(Assert.java:111)
	at org.testng.Assert.failNotEquals(Assert.java:1578)
	at org.testng.Assert.assertEqualsImpl(Assert.java:150)
	at org.testng.Assert.assertEquals(Assert.java:132)
	at org.testng.Assert.assertEquals(Assert.java:656)
	at org.testng.Assert.assertEquals(Assert.java:666)
	at pageObjects.HomePage.assertIntactMessage(HomePage.java:53)
	at stepDefinitions.HomePageStepDef.the_user_assert_that_the_text_message_is_displayed_in_the_page(HomePageStepDef.java:43)
	at ✽.in the HomePage, the user assert that the text message Always by your sidessssss. Make it Intact. is displayed in the page(file:///Users/mehreenbrar/eclipse-workspace/CucumberFrameworkTestNg/src/test/java/features/SmokeTest.feature:5)


    Embedding image [image/png 1575053 bytes]

  Given the user log into the application and select Ontario as Province                                                      # stepDefinitions.HomePageStepDef.the_user_log_into_the_application_and_select_as_province(java.lang.String)
  And in the Home Page, the user click on the Get a Quote                           # stepDefinitions.CommonsPageStepDef.in_the_user_clicks_on_the_link(java.lang.String,java.lang.Object)
  And in the LandingPage, the user assert that the text message Always by your sidessssss. Make it Intact. is displayed in the page # stepDefinitions.HomePageStepDef.the_user_assert_that_the_text_message_is_displayed_in_the_page(java.lang.String,java.lang.String)
  When in the homePage, the user clicks on the Claims link.                                                                         # stepDefinitions.ClaimsPageStepDef.in_the_home_page_the_user_clicks_on_the_claims_link(java.lang.String)
  When in the homePage, the user clicks on the Claims link.                                                                   # stepDefinitions.ClaimsPageStepDef.in_the_home_page_the_user_clicks_on_the_claims_link(java.lang.String)
  Then in the HomePage, the user assert that the text message Always by your side. Make it Intact. is displayed in the page   # stepDefinitions.HomePageStepDef.the_user_assert_that_the_text_message_is_displayed_in_the_page(java.lang.String,java.lang.String)
  And in the LandingPage, the user assert that the text message Always by your side. Make it Intact. is displayed in the page # stepDefinitions.HomePageStepDef.the_user_assert_that_the_text_message_is_displayed_in_the_page(java.lang.String,java.lang.String)
]]></system-out>
    <system-err><![CDATA[SLF4J: Failed to load class "org.slf4j.impl.StaticLoggerBinder".
SLF4J: Defaulting to no-operation (NOP) logger implementation
SLF4J: See http://www.slf4j.org/codes.html#StaticLoggerBinder for further details.
]]></system-err>
  </testcase>
  <testcase name="runScenario[&quot;Verify that user is able to create a quote on Home Insurance page&quot;, &quot;Create a quote for home on Home insurance Page&quot;](2)" classname="cucumberOptions.TestNGRunner" time="19.808"/>
  <testcase name="runScenario[&quot;Login and Verify Landing page details&quot;, &quot;Application Login and Landing Page Details&quot;](3)" classname="cucumberOptions.TestNGRunner" time="20.035">
    <failure message="expected [Always by your sidessssss. Make it Intact.] but found [Always by your side. Make it Intact.]" type="java.lang.AssertionError"><![CDATA[java.lang.AssertionError: expected [Always by your sidessssss. Make it Intact.] but found [Always by your side. Make it Intact.]
	at org.testng.Assert.fail(Assert.java:111)
	at org.testng.Assert.failNotEquals(Assert.java:1578)
	at org.testng.Assert.assertEqualsImpl(Assert.java:150)
	at org.testng.Assert.assertEquals(Assert.java:132)
	at org.testng.Assert.assertEquals(Assert.java:656)
	at org.testng.Assert.assertEquals(Assert.java:666)
	at pageObjects.HomePage.assertIntactMessage(HomePage.java:53)
	at stepDefinitions.HomePageStepDef.the_user_assert_that_the_text_message_is_displayed_in_the_page(HomePageStepDef.java:43)
	at ✽.in the HomePage, the user assert that the text message Always by your sidessssss. Make it Intact. is displayed in the page(file:///Users/mehreenbrar/eclipse-workspace/CucumberFrameworkTestNg/src/test/java/features/SmokeTest.feature:5)
]]></failure>
  </testcase>
  <testcase name="runScenario[&quot;Login and Verify Landing page details&quot;, &quot;Application Login and Landing Page Details&quot;](4)" classname="cucumberOptions.TestNGRunner" time="21.152">
    <system-out><![CDATA[  When in the homePage, the user clicks on the Claims link.                                                                   # stepDefinitions.ClaimsPageStepDef.in_the_home_page_the_user_clicks_on_the_claims_link(java.lang.String)
]]></system-out>
  </testcase>
</testsuite>